[ERROR] Failures:
[ERROR]   Authentication3Test.testAutoRefresh:70
