[ERROR]   NodeSearch5Test.testSearch:105
[ERROR]   NodeSearch2Test.testSearch:77 » Runtime org.gitana.exception.HttpException: , ...
[ERROR]   TenantPerson2Test.test:105 » Runtime org.gitana.exception.HttpException: , bod...
